Log: Log file open, 08/08/17 14:20:02
Init: WinSock: version 1.1 (2.2), MaxSocks=32767, MaxUdp=65467
Log:  ... running in INSTALLED mode
DevConfig: GConfig::Find has loaded file:  ..\..\Engine\Config\ConsoleVariables.ini
Init: Version: 10897
Init: Epic Internal: 0
Init: Compiled (64-bit): Jul 12 2017 11:13:26
Init: Changelist: 1532151
Init: Command line: kf-outpost?mutator=HealingExtend.HE_Recover
Init: Base directory: D:\Steam\steamapps\common\killingfloor2\Binaries\Win64\
[0000.15] Init: Computer: DRANCICK-PC
[0000.16] Init: User: Nexon
[0000.16] Init: CPU Page size=4096, Processors=4
[0000.16] Init: High frequency timer resolution =3.219344 MHz
[0000.16] Init: Memory total: Physical=7.9GB (8GB approx) Pagefile=10.4GB Virtual=131072.0GB
[0000.26] Log: Steam Client API initialized 1
[0000.26] Log: Automatically setting Steam query port to 27015 (server port is 7777)
[0000.26] Log: Automatically setting Steam port to 20560 (server port is 7777)
[0000.61] Log: Steam Game Server API initialized 1
[0000.61] DevOnline: appSteamInit: Steam Game Server UID: 0
[0000.61] Init: Presizing for 0 objects not considered by GC, pre-allocating 0 bytes.
[0000.61] Init: Object subsystem initialized
[0003.57] Log: CachePaths() took 2.95 Seconds
[0003.57] DevDataBase: Connection to "Provider=sqloledb;Data Source=production-db;Initial Catalog=EngineTaskPerf;Trusted_Connection=Yes;Connection Timeout=2" or "10.1.20.20" failed
[0003.66] Log: TwD3d1xInfoInit: Acceptable DX11 adapter found
[0003.66] Log: Unknown GPU : Nvidia 0x1b81

[0003.66] Log: Adapter : NVIDIA GeForce GTX 1070

[0003.66] Log: Vendor : Nvidia

[0003.66] Log: DeviceId : 7041

[0003.66] Log: SubSysId : 29559

[0003.66] Log: Revision : 161

[0003.66] Log: DedicatedVideoMemory : 8085 MiB

[0003.66] Log: DedicatedSystemMemory : 0 MiB

[0003.66] Log: SharedSystemMemory : 4069 MiB

[0003.66] Log: DisplayCount : 1

[0003.66] Log: "\\.\DISPLAY1" : { "x" : 0, "y" : 0, "width" : 1920, "height" : 1080 }

[0003.66] Log: [AppCompat] Machine  detected compatibility level: Composite: 3. CPU: 4. GPU: 3.
[0003.66] Log: [AppCompat] Previous detected compatibility level: Composite: 3. CPU: 4. GPU: 3.
[0003.69] Log: Found D3D11 adapter 0: NVIDIA GeForce GTX 1070
[0003.69] Log: Adapter has 8085MB of dedicated video memory, 0MB of dedicated system memory, and 4069MB of shared system memory
[0003.70] Log: Found D3D11 adapter 1: Microsoft Basic Render Driver
[0003.70] Log: Adapter has 0MB of dedicated video memory, 0MB of dedicated system memory, and 4069MB of shared system memory
[0003.78] Log: Shader platform (RHI): PC-D3D-SM5
[0004.20] Log: PhysXLevel : 0
[0004.22] Log: [FSocketWin::Bind] Binding to 0.0.0.0:9989
[0004.38] Log: [ThreadAffinity] Number of hardware threads is 4. Setting thread affinity for game and render threads to share L2 cache
[0005.11] Warning: Warning, ImportText (ValueMappings): Missing opening parenthesis: 
[0005.11] Error: Error, ImportText (ProfileMappings): Property import failed for ValueMappings in: (ValueMappings=((Name="None"),(Name="Black"),(Name="White"),(Name="Yellow"),
[0005.11] Warning: Warning, ImportText (ValueMappings): Missing opening parenthesis: 
[0005.11] Error: Error, ImportText (ProfileMappings): Property import failed for ValueMappings in: (ValueMappings=((Name="None"),(Name="Black"),(Name="White"),(Name="Yellow"),
[0009.75] Warning: Warning, ImportText (ValueMappings): Missing opening parenthesis: 
[0009.75] Error: Error, ImportText (ProfileMappings): Property import failed for ValueMappings in: (ValueMappings=((Name="None"),(Name="Black"),(Name="White"),(Name="Yellow"),
[0009.75] Warning: Warning, ImportText (ValueMappings): Missing opening parenthesis: 
[0009.75] Error: Error, ImportText (ProfileMappings): Property import failed for ValueMappings in: (ValueMappings=((Name="None"),(Name="Black"),(Name="White"),(Name="Yellow"),
[0017.49] Log: 182006 objects as part of root set at end of initial load.
[0017.49] Log: 0 out of 0 bytes used by permanent object pool.
[0017.49] Log: Initializing Engine...
[0017.56] Log: [FSocketWin::Bind] Binding to 216.239.35.12:123
[0018.56] Log: *** Updating timed game events
[0018.56] Log: **** Current Time: 2017 8 8 6 20 20
[0018.56] Log: **** World start in seconds: 1492444800
[0018.56] Log: **** Current time in seconds: 1502144420
[0018.56] Log: **** Intended weekly index: 16
[0018.60] Log: [NVidia GeForceExperience] Compiled against GSA version: 1.0.2.0
[0018.60] Log: [NVidia GeForceExperience] Running against GSA version: 1.0.2.0
[0018.74] Log: Checking to see if current resolution is supported ....OK
[0018.86] Log: Wwise(R) SDK Version 2015.1.8 Build 5618. Copyright (c) 2006-2012 Audiokinetic Inc. / All Rights Reserved.
[0021.37] Log: AMD driver version: , build version: 
[0021.37] Log: Detected 1 Crossfire CPUs for rendering
[0021.37] Log: NVIDIA driver version: 38476, branch: r384_71
[0021.37] Log: Detected 1 SLI GPUs for rendering
[0021.42] Log: [ThreadAffinity] Number of hardware threads is 4. Setting thread affinity for game and render threads to share L2 cache
[0021.42] Log: Initializing Steamworks
[0021.43] Log: Logged in as 'ArHShRn'
[0021.43] Log: UKFWorkshopSteamworks::InstallItem: State of item 675314991 is 5.
[0021.43] Log: UKFWorkshopSteamworks::InstallItem: State of item 768190709 is 5.
[0021.43] Log: UKFWorkshopSteamworks::InstallItem: State of item 888134329 is 5.
[0021.48] Log: UKFWorkshopSteamworks::InstallItem: State of item 912927616 is 5.
[0021.49] Log: UKFWorkshopSteamworks::InstallItem: State of item 645883665 is 5.
[0021.49] Log: UKFWorkshopSteamworks::InstallItem: State of item 665349986 is 5.
[0021.49] Log: UKFWorkshopSteamworks::InstallItem: State of item 909271656 is 5.
[0021.64] Warning: Warning, àÕ } 'Class None.': àÕ~0ùa 'Class None.'
[0021.64] Warning: Warning, àÕ~0ùa 'Class None.'
[0021.64] Warning: Warning, àÕ } 'Class None.': àÕ~0ùa 'Class None.'
[0021.64] Warning: Warning, àÕ~0ùa 'Class None.'
[0021.69] Log: LoadMap: kf-outpost?Name=Player?Team=255?mutator=HealingExtend.HE_Recover
[0031.50] Log: Game class is 'KFGameInfo_Survival'
[0031.63] Log: Bringing World KF-Outpost.TheWorld up for play (0) at 2017.08.08-14.20.33
[0031.64] ScriptLog: Mutators HealingExtend.HE_Recover
[0031.65] ScriptLog: [HE_Recover]Spawned a new HE_HUD class.
[0031.65] DevLobby: LobbyJoinGame ServerIP=
[0033.49] ScriptLog: Gameplay events will not be recorded.
[0033.49] Log: Bringing up level for play took: 1.983201
[0033.49] ScriptLog: KFGameInfo.SeatPlayer
[0033.58] ScriptLog: Failed to check CanShareUserCreatedContent
[0033.58] ScriptLog: Failed to check CanCommunicateVoice
[0033.58] Error: StopLocalVoiceProcessing: Ignoring stop request for non-owning user
[0033.87] ScriptLog: (KFGFxMoviePlayer_Manager_0) KFGfxMoviePlayer_Manager::None:LaunchMenus 11 bShowIIS:'G'
[0033.87] ScriptLog: Controller Disconnected
[0033.95] Log: ########### Finished loading level: 12.257386 seconds
[0033.95] Log: Flushing async loaders.
[0036.12] Log: Flushed async loaders.
[0036.12] Log: KF2 VERSION: 1055
[0036.12] Log: Initializing Engine Completed
[0036.75] Log: >>>>>>>>>>>>>> Initial startup: 36.75s <<<<<<<<<<<<<<<
[0041.49] Log: heard FOnlineAsyncEventInventoryDefinitionsUpdate
[0041.65] Log: InAKFPerk::LoadPerkData() NewLevel = 25, NewBuild = 598
[0041.75] Warning: Warning, àÕ } 'Font None.Times New Roman': àÕ~0ùa 'Font None.Times New Roman'
[0041.91] ScriptLog: WI:  WorldInfo_0
[0041.91] ScriptLog: WI.NetMode:  NM_Standalone
[0041.97] Warning: Warning, àÕ } 'Font None.Times New Roman': àÕ~0ùa 'Font None.Times New Roman'
[0042.31] Log: RetryCharacterOwnership -- inventory is now ready
[0047.83] ScriptLog: (KFGFxMoviePlayer_Manager_0) KFGfxMoviePlayer_Manager::None:CloseMenus PartyWidget:'KFGFxWidget_PartyInGame_0' bAfterLobby:'G' bForceClose:'G'
[0047.83] ScriptLog: (KFGFxMoviePlayer_Manager_0) KFGfxMoviePlayer_Manager::None:UnloadCurrentPopup CurrentPopup:'None'
[0047.83] ScriptLog: Setting PartyWidget Visibility false, bAfterLobby = true
[0047.83] ScriptLog: (KFGFxMoviePlayer_Manager_0) KFGfxMoviePlayer_Manager::None:CloseMenus CurrentMenu:'KFGFxMenu_StartGame_0'
[0047.88] ScriptLog: (KFGFxMoviePlayer_Manager_0) KFGfxMoviePlayer_Manager::None:CloseMenus PartyWidget:'KFGFxWidget_PartyInGame_0' bAfterLobby:'' bForceClose:''
[0047.88] ScriptLog: (KFGFxMoviePlayer_Manager_0) KFGfxMoviePlayer_Manager::None:UnloadCurrentPopup CurrentPopup:'None'
[0048.10] Warning: Warning, àÕ } 'Font None.Times New Roman': àÕ~0ùa 'Font None.Times New Roman'
[0048.31] ScriptLog: [HE_Recover]Creating new player's HUD...
[0048.31] ScriptLog: [HE_Recover]KFPC Client HUD set.
[0048.31] ScriptLog: [HE_Recover]Init KFPC...
[0048.31] ScriptLog: [HE_HUD]Starting Init KFPC......
[0048.31] ScriptLog: [HE_HUD]ArHShRn HE_HUD Set KFPC 
[0048.31] ScriptLog: [HE_Recover]Add him into array and INDEX=1
[0048.31] ScriptLog: [HE_Recover]Staring init HEPlayer of HUD: HE_HUD_1
[0048.31] ScriptLog: [HE_HUD]Starting Init HEP......
[0048.31] ScriptLog: [HE_HUD]ArHShRn HE_HUD Set HEP of Index 1
[0048.31] Warning: Warning, àÕ } 'Font None.KFMerged Regular': àÕ~0ùa 'Font None.KFMerged Regular'
[0048.31] Error: Can't start an online game that hasn't been created
[0048.31] ScriptLog: (KFGFxMoviePlayer_Manager_0) KFGfxMoviePlayer_Manager::None:CloseMenus PartyWidget:'KFGFxWidget_PartyInGame_0' bAfterLobby:'' bForceClose:''
[0048.31] ScriptLog: (KFGFxMoviePlayer_Manager_0) KFGfxMoviePlayer_Manager::None:UnloadCurrentPopup CurrentPopup:'None'
[0048.50] ScriptLog: (KFGFxMenu_StartGame_0) KFGFxObject_Menu::None:Callback_MenusFinishedClosing Manager.bMenusOpen:''
[0052.96] ScriptLog: (KFGFxMoviePlayer_Manager_0) KFGfxMoviePlayer_Manager::None:ToggleMenus bMenusOpen:'G' HUD.bShowHUD:'' bCanCloseMenu:'' bPostGameState:'G' CurrentMenuIndex:'0'
[0052.96] ScriptLog: (KFGFxMoviePlayer_Manager_0) KFGfxMoviePlayer_Manager::None:ToggleMenus
[0054.83] ScriptLog: (KFGFxMoviePlayer_Manager_0) KFGfxMoviePlayer_Manager::None:UnloadCurrentPopup CurrentPopup:'None'
[0055.41] Log: Closing by request
[0055.41] Log: appRequestExit(0)
[0055.41] ScriptLog: (KFGFxMoviePlayer_Manager_0) KFGfxMoviePlayer_Manager::None:UnloadCurrentPopup CurrentPopup:'KFGFxPopup_Confirmation_0'
[0055.44] ScriptLog: (KFGFxMoviePlayer_Manager_0) KFGfxMoviePlayer_Manager::None:CloseMenus PartyWidget:'KFGFxWidget_PartyInGame_0' bAfterLobby:'' bForceClose:'G'
[0055.44] ScriptLog: (KFGFxMoviePlayer_Manager_0) KFGfxMoviePlayer_Manager::None:UnloadCurrentPopup CurrentPopup:'None'
[0055.44] ScriptLog: (KFGFxMoviePlayer_Manager_0) KFGfxMoviePlayer_Manager::None:CloseMenus CurrentMenu:'KFGFxMenu_Exit_0'
[0055.44] ScriptLog: JOPILA - CanUnpauseMenuClosed G
[0055.44] ScriptWarning: Accessed None 'CurrentBackgroundMovie'
	KFGFxMoviePlayer_Manager KF-Outpost.TheWorld:PersistentLevel.KFPlayerController_0.KFGFxMoviePlayer_Manager_0
	Function KFGame.KFGFxMoviePlayer_Manager:OnClose:0019
[0055.44] ScriptWarning: Accessed None 'CurrentBackgroundMovie'
	KFGFxMoviePlayer_Manager KF-Outpost.TheWorld:PersistentLevel.KFPlayerController_0.KFGFxMoviePlayer_Manager_0
	Function KFGame.KFGFxMoviePlayer_Manager:OnClose:0039
[0055.83] Exit: Preparing to exit.
[0056.72] Exit: Game engine shut down
[0056.74] Log: [ThreadAffinity] Number of hardware threads is 4. Setting thread affinity for game and render threads to share L2 cache
[0056.76] Exit: Windows client shut down
[0056.77] Exit: XAudio2 Device shut down.
[0056.79] Exit: AK Audio shut down.
[0058.96] Exit: Object subsystem successfully closed.
[0059.22] Exit: Exiting.
[0059.23] Log: Log file closed, 08/08/17 14:21:01
