Log: Log file open, 08/08/17 14:14:31
Init: WinSock: version 1.1 (2.2), MaxSocks=32767, MaxUdp=65467
Log:  ... running in INSTALLED mode
DevConfig: GConfig::Find has loaded file:  ..\..\Engine\Config\ConsoleVariables.ini
Init: Version: 10897
Init: Epic Internal: 0
Init: Compiled (64-bit): Jul 12 2017 11:13:26
Init: Changelist: 1532151
Init: Command line: kf-outpost?mutator=HealingExtend.HE_Recover
Init: Base directory: D:\Steam\steamapps\common\killingfloor2\Binaries\Win64\
[0000.14] Init: Computer: DRANCICK-PC
[0000.14] Init: User: Nexon
[0000.14] Init: CPU Page size=4096, Processors=4
[0000.14] Init: High frequency timer resolution =3.219344 MHz
[0000.14] Init: Memory total: Physical=7.9GB (8GB approx) Pagefile=10.4GB Virtual=131072.0GB
[0000.40] Log: Steam Client API initialized 1
[0000.40] Log: Automatically setting Steam query port to 27015 (server port is 7777)
[0000.40] Log: Automatically setting Steam port to 20560 (server port is 7777)
[0001.05] Log: Steam Game Server API initialized 1
[0001.10] DevOnline: appSteamInit: Steam Game Server UID: 0
[0001.10] Init: Presizing for 0 objects not considered by GC, pre-allocating 0 bytes.
[0001.10] Init: Object subsystem initialized
[0004.02] Log: CachePaths() took 2.92 Seconds
[0004.03] DevDataBase: Connection to "Provider=sqloledb;Data Source=production-db;Initial Catalog=EngineTaskPerf;Trusted_Connection=Yes;Connection Timeout=2" or "10.1.20.20" failed
[0004.11] Log: TwD3d1xInfoInit: Acceptable DX11 adapter found
[0004.11] Log: Unknown GPU : Nvidia 0x1b81

[0004.11] Log: Adapter : NVIDIA GeForce GTX 1070

[0004.11] Log: Vendor : Nvidia

[0004.11] Log: DeviceId : 7041

[0004.11] Log: SubSysId : 29559

[0004.11] Log: Revision : 161

[0004.11] Log: DedicatedVideoMemory : 8085 MiB

[0004.11] Log: DedicatedSystemMemory : 0 MiB

[0004.11] Log: SharedSystemMemory : 4069 MiB

[0004.11] Log: DisplayCount : 1

[0004.11] Log: "\\.\DISPLAY1" : { "x" : 0, "y" : 0, "width" : 1920, "height" : 1080 }

[0004.11] Log: [AppCompat] Machine  detected compatibility level: Composite: 3. CPU: 4. GPU: 3.
[0004.11] Log: [AppCompat] Previous detected compatibility level: Composite: 3. CPU: 4. GPU: 3.
[0004.14] Log: Found D3D11 adapter 0: NVIDIA GeForce GTX 1070
[0004.14] Log: Adapter has 8085MB of dedicated video memory, 0MB of dedicated system memory, and 4069MB of shared system memory
[0004.15] Log: Found D3D11 adapter 1: Microsoft Basic Render Driver
[0004.15] Log: Adapter has 0MB of dedicated video memory, 0MB of dedicated system memory, and 4069MB of shared system memory
[0004.22] Log: Shader platform (RHI): PC-D3D-SM5
[0004.65] Log: PhysXLevel : 0
[0004.68] Log: [FSocketWin::Bind] Binding to 0.0.0.0:9989
[0004.84] Log: [ThreadAffinity] Number of hardware threads is 4. Setting thread affinity for game and render threads to share L2 cache
[0005.56] Warning: Warning, ImportText (ValueMappings): Missing opening parenthesis: 
[0005.56] Error: Error, ImportText (ProfileMappings): Property import failed for ValueMappings in: (ValueMappings=((Name="None"),(Name="Black"),(Name="White"),(Name="Yellow"),
[0005.56] Warning: Warning, ImportText (ValueMappings): Missing opening parenthesis: 
[0005.56] Error: Error, ImportText (ProfileMappings): Property import failed for ValueMappings in: (ValueMappings=((Name="None"),(Name="Black"),(Name="White"),(Name="Yellow"),
[0010.18] Warning: Warning, ImportText (ValueMappings): Missing opening parenthesis: 
[0010.18] Error: Error, ImportText (ProfileMappings): Property import failed for ValueMappings in: (ValueMappings=((Name="None"),(Name="Black"),(Name="White"),(Name="Yellow"),
[0010.18] Warning: Warning, ImportText (ValueMappings): Missing opening parenthesis: 
[0010.18] Error: Error, ImportText (ProfileMappings): Property import failed for ValueMappings in: (ValueMappings=((Name="None"),(Name="Black"),(Name="White"),(Name="Yellow"),
[0017.97] Log: 182006 objects as part of root set at end of initial load.
[0017.97] Log: 0 out of 0 bytes used by permanent object pool.
[0017.97] Log: Initializing Engine...
[0018.00] Log: [FSocketWin::Bind] Binding to 216.239.35.12:123
[0019.00] Log: *** Updating timed game events
[0019.00] Log: **** Current Time: 2017 8 8 6 14 50
[0019.00] Log: **** World start in seconds: 1492444800
[0019.00] Log: **** Current time in seconds: 1502144090
[0019.00] Log: **** Intended weekly index: 16
[0019.04] Log: [NVidia GeForceExperience] Compiled against GSA version: 1.0.2.0
[0019.04] Log: [NVidia GeForceExperience] Running against GSA version: 1.0.2.0
[0019.18] Log: Checking to see if current resolution is supported ....OK
[0019.36] Log: Wwise(R) SDK Version 2015.1.8 Build 5618. Copyright (c) 2006-2012 Audiokinetic Inc. / All Rights Reserved.
[0021.83] Log: AMD driver version: , build version: 
[0021.83] Log: Detected 1 Crossfire CPUs for rendering
[0021.83] Log: NVIDIA driver version: 38476, branch: r384_71
[0021.84] Log: Detected 1 SLI GPUs for rendering
[0021.88] Log: [ThreadAffinity] Number of hardware threads is 4. Setting thread affinity for game and render threads to share L2 cache
[0021.88] Log: Initializing Steamworks
[0021.98] Log: Logged in as 'ArHShRn'
[0021.99] Log: UKFWorkshopSteamworks::InstallItem: State of item 675314991 is 5.
[0022.01] Log: UKFWorkshopSteamworks::InstallItem: State of item 768190709 is 5.
[0022.01] Log: UKFWorkshopSteamworks::InstallItem: State of item 888134329 is 5.
[0022.08] Log: UKFWorkshopSteamworks::InstallItem: State of item 912927616 is 5.
[0022.08] Log: UKFWorkshopSteamworks::InstallItem: State of item 645883665 is 5.
[0022.08] Log: UKFWorkshopSteamworks::InstallItem: State of item 665349986 is 5.
[0022.09] Log: UKFWorkshopSteamworks::InstallItem: State of item 909271656 is 5.
[0022.24] Warning: Warning, àÕ } 'Class None.': àÕ~0ùa 'Class None.'
[0022.24] Warning: Warning, àÕ~0ùa 'Class None.'
[0022.24] Warning: Warning, àÕ } 'Class None.': àÕ~0ùa 'Class None.'
[0022.24] Warning: Warning, àÕ~0ùa 'Class None.'
[0022.46] Log: LoadMap: kf-outpost?Name=Player?Team=255?mutator=HealingExtend.HE_Recover
[0038.31] Log: Game class is 'KFGameInfo_Survival'
[0038.45] Log: Bringing World KF-Outpost.TheWorld up for play (0) at 2017.08.08-14.15.09
[0038.45] ScriptLog: Mutators HealingExtend.HE_Recover
[0038.46] ScriptLog: [HE_Recover]Spawned a new HE_HUD class.
[0038.46] DevLobby: LobbyJoinGame ServerIP=
[0043.94] ScriptLog: Gameplay events will not be recorded.
[0043.94] Log: Bringing up level for play took: 5.621243
[0043.94] ScriptLog: KFGameInfo.SeatPlayer
[0044.05] ScriptLog: Failed to check CanShareUserCreatedContent
[0044.05] ScriptLog: Failed to check CanCommunicateVoice
[0044.05] Error: StopLocalVoiceProcessing: Ignoring stop request for non-owning user
[0044.34] ScriptLog: (KFGFxMoviePlayer_Manager_0) KFGfxMoviePlayer_Manager::None:LaunchMenus 11 bShowIIS:'G'
[0044.34] ScriptLog: Controller Disconnected
[0044.48] Log: ########### Finished loading level: 22.014959 seconds
[0044.48] Log: Flushing async loaders.
[0047.64] Log: Flushed async loaders.
[0047.64] Log: KF2 VERSION: 1055
[0047.64] Log: Initializing Engine Completed
[0047.64] Log: >>>>>>>>>>>>>> Initial startup: 47.64s <<<<<<<<<<<<<<<
[0052.37] Log: heard FOnlineAsyncEventInventoryDefinitionsUpdate
[0052.54] Log: InAKFPerk::LoadPerkData() NewLevel = 25, NewBuild = 598
[0052.71] Warning: Warning, àÕ } 'Font None.Times New Roman': àÕ~0ùa 'Font None.Times New Roman'
[0052.90] ScriptLog: WI:  WorldInfo_0
[0052.90] ScriptLog: WI.NetMode:  NM_Standalone
[0052.95] Warning: Warning, àÕ } 'Font None.Times New Roman': àÕ~0ùa 'Font None.Times New Roman'
[0053.27] Log: RetryCharacterOwnership -- inventory is now ready
[0056.15] Log: Assembled 791 auto-complete commands, manual: 92, exec: 662, kismet: 10
[0071.81] ScriptLog: (KFGFxMoviePlayer_Manager_0) KFGfxMoviePlayer_Manager::None:CloseMenus PartyWidget:'KFGFxWidget_PartyInGame_0' bAfterLobby:'G' bForceClose:'G'
[0071.81] ScriptLog: (KFGFxMoviePlayer_Manager_0) KFGfxMoviePlayer_Manager::None:UnloadCurrentPopup CurrentPopup:'None'
[0071.81] ScriptLog: Setting PartyWidget Visibility false, bAfterLobby = true
[0071.81] ScriptLog: (KFGFxMoviePlayer_Manager_0) KFGfxMoviePlayer_Manager::None:CloseMenus CurrentMenu:'KFGFxMenu_StartGame_0'
[0071.87] ScriptLog: (KFGFxMoviePlayer_Manager_0) KFGfxMoviePlayer_Manager::None:CloseMenus PartyWidget:'KFGFxWidget_PartyInGame_0' bAfterLobby:'' bForceClose:''
[0071.87] ScriptLog: (KFGFxMoviePlayer_Manager_0) KFGfxMoviePlayer_Manager::None:UnloadCurrentPopup CurrentPopup:'None'
[0072.12] Warning: Warning, àÕ } 'Font None.Times New Roman': àÕ~0ùa 'Font None.Times New Roman'
[0072.46] ScriptLog: [HE_Recover]Creating new player's HUD...
[0072.46] ScriptLog: [HE_Recover]KFPC Client HUD set.
[0072.46] ScriptLog: [HE_Recover]Init KFPC...
[0072.46] ScriptLog: [HE_HUD]Starting Init KFPC......
[0072.46] ScriptLog: [HE_HUD]ArHShRn HE_HUD Set KFPC at 
[0072.46] ScriptLog: [HE_Recover]Add him into array and INDEX=1
[0072.46] ScriptLog: [HE_Recover]Staring init HEPlayer of HUD: HE_HUD_1
[0072.46] ScriptLog: [HE_HUD]Starting Init HEP......
[0072.46] ScriptLog: [HE_HUD]ArHShRn HE_HUD Set HEP of Index 1
[0072.47] Warning: Warning, àÕ } 'Font None.KFMerged Regular': àÕ~0ùa 'Font None.KFMerged Regular'
[0072.47] Error: Can't start an online game that hasn't been created
[0072.47] ScriptLog: (KFGFxMoviePlayer_Manager_0) KFGfxMoviePlayer_Manager::None:CloseMenus PartyWidget:'KFGFxWidget_PartyInGame_0' bAfterLobby:'' bForceClose:''
[0072.47] ScriptLog: (KFGFxMoviePlayer_Manager_0) KFGfxMoviePlayer_Manager::None:UnloadCurrentPopup CurrentPopup:'None'
[0072.66] ScriptLog: (KFGFxMenu_StartGame_0) KFGFxObject_Menu::None:Callback_MenusFinishedClosing Manager.bMenusOpen:''
[0081.48] ScriptLog: (KFGFxMoviePlayer_Manager_0) KFGfxMoviePlayer_Manager::None:ToggleMenus bMenusOpen:'G' HUD.bShowHUD:'' bCanCloseMenu:'' bPostGameState:'G' CurrentMenuIndex:'0'
[0081.48] ScriptLog: (KFGFxMoviePlayer_Manager_0) KFGfxMoviePlayer_Manager::None:ToggleMenus
[0090.39] ScriptLog: (KFGFxMoviePlayer_Manager_0) KFGfxMoviePlayer_Manager::None:ToggleMenus bMenusOpen:'' HUD.bShowHUD:'G' bCanCloseMenu:'' bPostGameState:'G' CurrentMenuIndex:'1'
[0090.39] ScriptLog: (KFGFxMoviePlayer_Manager_0) KFGfxMoviePlayer_Manager::None:CloseMenus PartyWidget:'KFGFxWidget_PartyInGame_0' bAfterLobby:'' bForceClose:'G'
[0090.39] ScriptLog: (KFGFxMoviePlayer_Manager_0) KFGfxMoviePlayer_Manager::None:UnloadCurrentPopup CurrentPopup:'None'
[0090.39] ScriptLog: (KFGFxMoviePlayer_Manager_0) KFGfxMoviePlayer_Manager::None:CloseMenus CurrentMenu:'KFGFxMenu_Perks_0'
[0090.39] ScriptLog: JOPILA - CanUnpauseMenuClosed G
[0090.79] ScriptLog: (KFGFxMenu_Perks_0) KFGFxObject_Menu::None:Callback_MenusFinishedClosing Manager.bMenusOpen:''
[0093.94] ScriptWarning: Accessed None 'DataObject'
	KFGFxMoviePlayer_HUD Transient.KFGFxMoviePlayer_HUD_0
	Function KFGame.KFGFxMoviePlayer_HUD:ShowKillMessage:038C
[0093.94] ScriptWarning: Accessed None 'DataObject'
	KFGFxMoviePlayer_HUD Transient.KFGFxMoviePlayer_HUD_0
	Function KFGame.KFGFxMoviePlayer_HUD:ShowKillMessage:03C1
[0093.94] ScriptWarning: Accessed None 'DataObject'
	KFGFxMoviePlayer_HUD Transient.KFGFxMoviePlayer_HUD_0
	Function KFGame.KFGFxMoviePlayer_HUD:ShowKillMessage:03F6
[0093.94] ScriptWarning: Accessed None 'DataObject'
	KFGFxMoviePlayer_HUD Transient.KFGFxMoviePlayer_HUD_0
	Function KFGame.KFGFxMoviePlayer_HUD:ShowKillMessage:0430
[0093.94] ScriptWarning: Accessed None 'DataObject'
	KFGFxMoviePlayer_HUD Transient.KFGFxMoviePlayer_HUD_0
	Function KFGame.KFGFxMoviePlayer_HUD:ShowKillMessage:0465
[0093.94] ScriptWarning: Accessed None 'DataObject'
	KFGFxMoviePlayer_HUD Transient.KFGFxMoviePlayer_HUD_0
	Function KFGame.KFGFxMoviePlayer_HUD:ShowKillMessage:049A
[0093.94] ScriptWarning: Accessed None 'DataObject'
	KFGFxMoviePlayer_HUD Transient.KFGFxMoviePlayer_HUD_0
	Function KFGame.KFGFxMoviePlayer_HUD:ShowKillMessage:04D4
[0093.94] ScriptWarning: Accessed None 'DataObject'
	KFGFxMoviePlayer_HUD Transient.KFGFxMoviePlayer_HUD_0
	Function KFGame.KFGFxMoviePlayer_HUD:ShowKillMessage:0509
[0094.84] ScriptWarning: Accessed None 'DataObject'
	KFGFxMoviePlayer_HUD Transient.KFGFxMoviePlayer_HUD_0
	Function KFGame.KFGFxMoviePlayer_HUD:ShowKillMessage:038C
[0094.84] ScriptWarning: Accessed None 'DataObject'
	KFGFxMoviePlayer_HUD Transient.KFGFxMoviePlayer_HUD_0
	Function KFGame.KFGFxMoviePlayer_HUD:ShowKillMessage:03C1
[0094.84] ScriptWarning: Accessed None 'DataObject'
	KFGFxMoviePlayer_HUD Transient.KFGFxMoviePlayer_HUD_0
	Function KFGame.KFGFxMoviePlayer_HUD:ShowKillMessage:03F6
[0094.84] ScriptWarning: Accessed None 'DataObject'
	KFGFxMoviePlayer_HUD Transient.KFGFxMoviePlayer_HUD_0
	Function KFGame.KFGFxMoviePlayer_HUD:ShowKillMessage:0430
[0094.84] ScriptWarning: Accessed None 'DataObject'
	KFGFxMoviePlayer_HUD Transient.KFGFxMoviePlayer_HUD_0
	Function KFGame.KFGFxMoviePlayer_HUD:ShowKillMessage:0465
[0094.84] ScriptWarning: Accessed None 'DataObject'
	KFGFxMoviePlayer_HUD Transient.KFGFxMoviePlayer_HUD_0
	Function KFGame.KFGFxMoviePlayer_HUD:ShowKillMessage:049A
[0094.84] ScriptWarning: Accessed None 'DataObject'
	KFGFxMoviePlayer_HUD Transient.KFGFxMoviePlayer_HUD_0
	Function KFGame.KFGFxMoviePlayer_HUD:ShowKillMessage:04D4
[0094.84] ScriptWarning: Accessed None 'DataObject'
	KFGFxMoviePlayer_HUD Transient.KFGFxMoviePlayer_HUD_0
	Function KFGame.KFGFxMoviePlayer_HUD:ShowKillMessage:0509
[0095.52] ScriptWarning: Accessed None 'DataObject'
	KFGFxMoviePlayer_HUD Transient.KFGFxMoviePlayer_HUD_0
	Function KFGame.KFGFxMoviePlayer_HUD:ShowKillMessage:038C
[0095.52] ScriptWarning: Accessed None 'DataObject'
	KFGFxMoviePlayer_HUD Transient.KFGFxMoviePlayer_HUD_0
	Function KFGame.KFGFxMoviePlayer_HUD:ShowKillMessage:03C1
[0095.52] ScriptWarning: Accessed None 'DataObject'
	KFGFxMoviePlayer_HUD Transient.KFGFxMoviePlayer_HUD_0
	Function KFGame.KFGFxMoviePlayer_HUD:ShowKillMessage:03F6
[0095.52] ScriptWarning: Accessed None 'DataObject'
	KFGFxMoviePlayer_HUD Transient.KFGFxMoviePlayer_HUD_0
	Function KFGame.KFGFxMoviePlayer_HUD:ShowKillMessage:0430
[0095.52] ScriptWarning: Accessed None 'DataObject'
	KFGFxMoviePlayer_HUD Transient.KFGFxMoviePlayer_HUD_0
	Function KFGame.KFGFxMoviePlayer_HUD:ShowKillMessage:0465
[0095.52] ScriptWarning: Accessed None 'DataObject'
	KFGFxMoviePlayer_HUD Transient.KFGFxMoviePlayer_HUD_0
	Function KFGame.KFGFxMoviePlayer_HUD:ShowKillMessage:049A
[0095.52] ScriptWarning: Accessed None 'DataObject'
	KFGFxMoviePlayer_HUD Transient.KFGFxMoviePlayer_HUD_0
	Function KFGame.KFGFxMoviePlayer_HUD:ShowKillMessage:04D4
[0095.52] ScriptWarning: Accessed None 'DataObject'
	KFGFxMoviePlayer_HUD Transient.KFGFxMoviePlayer_HUD_0
	Function KFGame.KFGFxMoviePlayer_HUD:ShowKillMessage:0509
[0096.27] ScriptWarning: Accessed None 'DataObject'
	KFGFxMoviePlayer_HUD Transient.KFGFxMoviePlayer_HUD_0
	Function KFGame.KFGFxMoviePlayer_HUD:ShowKillMessage:038C
[0096.27] ScriptWarning: Accessed None 'DataObject'
	KFGFxMoviePlayer_HUD Transient.KFGFxMoviePlayer_HUD_0
	Function KFGame.KFGFxMoviePlayer_HUD:ShowKillMessage:03C1
[0096.27] ScriptWarning: Accessed None 'DataObject'
	KFGFxMoviePlayer_HUD Transient.KFGFxMoviePlayer_HUD_0
	Function KFGame.KFGFxMoviePlayer_HUD:ShowKillMessage:03F6
[0096.27] ScriptWarning: Accessed None 'DataObject'
	KFGFxMoviePlayer_HUD Transient.KFGFxMoviePlayer_HUD_0
	Function KFGame.KFGFxMoviePlayer_HUD:ShowKillMessage:0430
[0096.27] ScriptWarning: Accessed None 'DataObject'
	KFGFxMoviePlayer_HUD Transient.KFGFxMoviePlayer_HUD_0
	Function KFGame.KFGFxMoviePlayer_HUD:ShowKillMessage:0465
[0096.27] ScriptWarning: Accessed None 'DataObject'
	KFGFxMoviePlayer_HUD Transient.KFGFxMoviePlayer_HUD_0
	Function KFGame.KFGFxMoviePlayer_HUD:ShowKillMessage:049A
[0096.27] ScriptWarning: Accessed None 'DataObject'
	KFGFxMoviePlayer_HUD Transient.KFGFxMoviePlayer_HUD_0
	Function KFGame.KFGFxMoviePlayer_HUD:ShowKillMessage:04D4
[0096.27] ScriptWarning: Accessed None 'DataObject'
	KFGFxMoviePlayer_HUD Transient.KFGFxMoviePlayer_HUD_0
	Function KFGame.KFGFxMoviePlayer_HUD:ShowKillMessage:0509
[0097.01] ScriptWarning: GetLastHitByDamageType() Received non-KFDamageType damagetype: DamageType
	KFGameInfo_Survival KF-Outpost.TheWorld:PersistentLevel.KFGameInfo_Survival_0
	Function KFGame.KFGameInfo:GetLastHitByDamageType:022D
[0097.01] ScriptWarning: Accessed None 'DataObject'
	KFGFxMoviePlayer_HUD Transient.KFGFxMoviePlayer_HUD_0
	Function KFGame.KFGFxMoviePlayer_HUD:ShowKillMessage:038C
[0097.01] ScriptWarning: Accessed None 'DataObject'
	KFGFxMoviePlayer_HUD Transient.KFGFxMoviePlayer_HUD_0
	Function KFGame.KFGFxMoviePlayer_HUD:ShowKillMessage:03C1
[0097.01] ScriptWarning: Accessed None 'DataObject'
	KFGFxMoviePlayer_HUD Transient.KFGFxMoviePlayer_HUD_0
	Function KFGame.KFGFxMoviePlayer_HUD:ShowKillMessage:03F6
[0097.01] ScriptWarning: Accessed None 'DataObject'
	KFGFxMoviePlayer_HUD Transient.KFGFxMoviePlayer_HUD_0
	Function KFGame.KFGFxMoviePlayer_HUD:ShowKillMessage:0430
[0097.01] ScriptWarning: Accessed None 'DataObject'
	KFGFxMoviePlayer_HUD Transient.KFGFxMoviePlayer_HUD_0
	Function KFGame.KFGFxMoviePlayer_HUD:ShowKillMessage:0465
[0097.01] ScriptWarning: Accessed None 'DataObject'
	KFGFxMoviePlayer_HUD Transient.KFGFxMoviePlayer_HUD_0
	Function KFGame.KFGFxMoviePlayer_HUD:ShowKillMessage:049A
[0097.01] ScriptWarning: Accessed None 'DataObject'
	KFGFxMoviePlayer_HUD Transient.KFGFxMoviePlayer_HUD_0
	Function KFGame.KFGFxMoviePlayer_HUD:ShowKillMessage:04D4
[0097.01] ScriptWarning: Accessed None 'DataObject'
	KFGFxMoviePlayer_HUD Transient.KFGFxMoviePlayer_HUD_0
	Function KFGame.KFGFxMoviePlayer_HUD:ShowKillMessage:0509
[0104.95] ScriptWarning: Accessed None 'DataObject'
	KFGFxMoviePlayer_HUD Transient.KFGFxMoviePlayer_HUD_0
	Function KFGame.KFGFxMoviePlayer_HUD:ShowKillMessage:038C
[0104.95] ScriptWarning: Accessed None 'DataObject'
	KFGFxMoviePlayer_HUD Transient.KFGFxMoviePlayer_HUD_0
	Function KFGame.KFGFxMoviePlayer_HUD:ShowKillMessage:03C1
[0104.95] ScriptWarning: Accessed None 'DataObject'
	KFGFxMoviePlayer_HUD Transient.KFGFxMoviePlayer_HUD_0
	Function KFGame.KFGFxMoviePlayer_HUD:ShowKillMessage:03F6
[0104.95] ScriptWarning: Accessed None 'DataObject'
	KFGFxMoviePlayer_HUD Transient.KFGFxMoviePlayer_HUD_0
	Function KFGame.KFGFxMoviePlayer_HUD:ShowKillMessage:0430
[0104.95] ScriptWarning: Accessed None 'DataObject'
	KFGFxMoviePlayer_HUD Transient.KFGFxMoviePlayer_HUD_0
	Function KFGame.KFGFxMoviePlayer_HUD:ShowKillMessage:0465
[0104.95] ScriptWarning: Accessed None 'DataObject'
	KFGFxMoviePlayer_HUD Transient.KFGFxMoviePlayer_HUD_0
	Function KFGame.KFGFxMoviePlayer_HUD:ShowKillMessage:049A
[0104.95] ScriptWarning: Accessed None 'DataObject'
	KFGFxMoviePlayer_HUD Transient.KFGFxMoviePlayer_HUD_0
	Function KFGame.KFGFxMoviePlayer_HUD:ShowKillMessage:04D4
[0104.95] ScriptWarning: Accessed None 'DataObject'
	KFGFxMoviePlayer_HUD Transient.KFGFxMoviePlayer_HUD_0
	Function KFGame.KFGFxMoviePlayer_HUD:ShowKillMessage:0509
[0106.09] ScriptWarning: Accessed None 'DataObject'
	KFGFxMoviePlayer_HUD Transient.KFGFxMoviePlayer_HUD_0
	Function KFGame.KFGFxMoviePlayer_HUD:ShowKillMessage:038C
[0106.09] ScriptWarning: Accessed None 'DataObject'
	KFGFxMoviePlayer_HUD Transient.KFGFxMoviePlayer_HUD_0
	Function KFGame.KFGFxMoviePlayer_HUD:ShowKillMessage:03C1
[0106.09] ScriptWarning: Accessed None 'DataObject'
	KFGFxMoviePlayer_HUD Transient.KFGFxMoviePlayer_HUD_0
	Function KFGame.KFGFxMoviePlayer_HUD:ShowKillMessage:03F6
[0106.09] ScriptWarning: Accessed None 'DataObject'
	KFGFxMoviePlayer_HUD Transient.KFGFxMoviePlayer_HUD_0
	Function KFGame.KFGFxMoviePlayer_HUD:ShowKillMessage:0430
[0106.09] ScriptWarning: Accessed None 'DataObject'
	KFGFxMoviePlayer_HUD Transient.KFGFxMoviePlayer_HUD_0
	Function KFGame.KFGFxMoviePlayer_HUD:ShowKillMessage:0465
[0106.09] ScriptWarning: Accessed None 'DataObject'
	KFGFxMoviePlayer_HUD Transient.KFGFxMoviePlayer_HUD_0
	Function KFGame.KFGFxMoviePlayer_HUD:ShowKillMessage:049A
[0106.09] ScriptWarning: Accessed None 'DataObject'
	KFGFxMoviePlayer_HUD Transient.KFGFxMoviePlayer_HUD_0
	Function KFGame.KFGFxMoviePlayer_HUD:ShowKillMessage:04D4
[0106.09] ScriptWarning: Accessed None 'DataObject'
	KFGFxMoviePlayer_HUD Transient.KFGFxMoviePlayer_HUD_0
	Function KFGame.KFGFxMoviePlayer_HUD:ShowKillMessage:0509
[0106.82] ScriptWarning: Accessed None 'DataObject'
	KFGFxMoviePlayer_HUD Transient.KFGFxMoviePlayer_HUD_0
	Function KFGame.KFGFxMoviePlayer_HUD:ShowKillMessage:038C
[0106.82] ScriptWarning: Accessed None 'DataObject'
	KFGFxMoviePlayer_HUD Transient.KFGFxMoviePlayer_HUD_0
	Function KFGame.KFGFxMoviePlayer_HUD:ShowKillMessage:03C1
[0106.82] ScriptWarning: Accessed None 'DataObject'
	KFGFxMoviePlayer_HUD Transient.KFGFxMoviePlayer_HUD_0
	Function KFGame.KFGFxMoviePlayer_HUD:ShowKillMessage:03F6
[0106.82] ScriptWarning: Accessed None 'DataObject'
	KFGFxMoviePlayer_HUD Transient.KFGFxMoviePlayer_HUD_0
	Function KFGame.KFGFxMoviePlayer_HUD:ShowKillMessage:0430
[0106.82] ScriptWarning: Accessed None 'DataObject'
	KFGFxMoviePlayer_HUD Transient.KFGFxMoviePlayer_HUD_0
	Function KFGame.KFGFxMoviePlayer_HUD:ShowKillMessage:0465
[0106.82] ScriptWarning: Accessed None 'DataObject'
	KFGFxMoviePlayer_HUD Transient.KFGFxMoviePlayer_HUD_0
	Function KFGame.KFGFxMoviePlayer_HUD:ShowKillMessage:049A
[0106.82] ScriptWarning: Accessed None 'DataObject'
	KFGFxMoviePlayer_HUD Transient.KFGFxMoviePlayer_HUD_0
	Function KFGame.KFGFxMoviePlayer_HUD:ShowKillMessage:04D4
[0106.82] ScriptWarning: Accessed None 'DataObject'
	KFGFxMoviePlayer_HUD Transient.KFGFxMoviePlayer_HUD_0
	Function KFGame.KFGFxMoviePlayer_HUD:ShowKillMessage:0509
[0107.99] ScriptWarning: Accessed None 'DataObject'
	KFGFxMoviePlayer_HUD Transient.KFGFxMoviePlayer_HUD_0
	Function KFGame.KFGFxMoviePlayer_HUD:ShowKillMessage:038C
[0107.99] ScriptWarning: Accessed None 'DataObject'
	KFGFxMoviePlayer_HUD Transient.KFGFxMoviePlayer_HUD_0
	Function KFGame.KFGFxMoviePlayer_HUD:ShowKillMessage:03C1
[0107.99] ScriptWarning: Accessed None 'DataObject'
	KFGFxMoviePlayer_HUD Transient.KFGFxMoviePlayer_HUD_0
	Function KFGame.KFGFxMoviePlayer_HUD:ShowKillMessage:03F6
[0107.99] ScriptWarning: Accessed None 'DataObject'
	KFGFxMoviePlayer_HUD Transient.KFGFxMoviePlayer_HUD_0
	Function KFGame.KFGFxMoviePlayer_HUD:ShowKillMessage:0430
[0107.99] ScriptWarning: Accessed None 'DataObject'
	KFGFxMoviePlayer_HUD Transient.KFGFxMoviePlayer_HUD_0
	Function KFGame.KFGFxMoviePlayer_HUD:ShowKillMessage:0465
[0107.99] ScriptWarning: Accessed None 'DataObject'
	KFGFxMoviePlayer_HUD Transient.KFGFxMoviePlayer_HUD_0
	Function KFGame.KFGFxMoviePlayer_HUD:ShowKillMessage:049A
[0107.99] ScriptWarning: Accessed None 'DataObject'
	KFGFxMoviePlayer_HUD Transient.KFGFxMoviePlayer_HUD_0
	Function KFGame.KFGFxMoviePlayer_HUD:ShowKillMessage:04D4
[0107.99] ScriptWarning: Accessed None 'DataObject'
	KFGFxMoviePlayer_HUD Transient.KFGFxMoviePlayer_HUD_0
	Function KFGame.KFGFxMoviePlayer_HUD:ShowKillMessage:0509
[0108.60] ScriptWarning: Accessed None 'DataObject'
	KFGFxMoviePlayer_HUD Transient.KFGFxMoviePlayer_HUD_0
	Function KFGame.KFGFxMoviePlayer_HUD:ShowKillMessage:038C
[0108.60] ScriptWarning: Accessed None 'DataObject'
	KFGFxMoviePlayer_HUD Transient.KFGFxMoviePlayer_HUD_0
	Function KFGame.KFGFxMoviePlayer_HUD:ShowKillMessage:03C1
[0108.60] ScriptWarning: Accessed None 'DataObject'
	KFGFxMoviePlayer_HUD Transient.KFGFxMoviePlayer_HUD_0
	Function KFGame.KFGFxMoviePlayer_HUD:ShowKillMessage:03F6
[0108.60] ScriptWarning: Accessed None 'DataObject'
	KFGFxMoviePlayer_HUD Transient.KFGFxMoviePlayer_HUD_0
	Function KFGame.KFGFxMoviePlayer_HUD:ShowKillMessage:0430
[0108.60] ScriptWarning: Accessed None 'DataObject'
	KFGFxMoviePlayer_HUD Transient.KFGFxMoviePlayer_HUD_0
	Function KFGame.KFGFxMoviePlayer_HUD:ShowKillMessage:0465
[0108.60] ScriptWarning: Accessed None 'DataObject'
	KFGFxMoviePlayer_HUD Transient.KFGFxMoviePlayer_HUD_0
	Function KFGame.KFGFxMoviePlayer_HUD:ShowKillMessage:049A
[0108.60] ScriptWarning: Accessed None 'DataObject'
	KFGFxMoviePlayer_HUD Transient.KFGFxMoviePlayer_HUD_0
	Function KFGame.KFGFxMoviePlayer_HUD:ShowKillMessage:04D4
[0108.60] ScriptWarning: Accessed None 'DataObject'
	KFGFxMoviePlayer_HUD Transient.KFGFxMoviePlayer_HUD_0
	Function KFGame.KFGFxMoviePlayer_HUD:ShowKillMessage:0509
[0111.90] ScriptWarning: Accessed None 'DataObject'
	KFGFxMoviePlayer_HUD Transient.KFGFxMoviePlayer_HUD_0
	Function KFGame.KFGFxMoviePlayer_HUD:ShowKillMessage:038C
[0111.90] ScriptWarning: Accessed None 'DataObject'
	KFGFxMoviePlayer_HUD Transient.KFGFxMoviePlayer_HUD_0
	Function KFGame.KFGFxMoviePlayer_HUD:ShowKillMessage:03C1
[0111.90] ScriptWarning: Accessed None 'DataObject'
	KFGFxMoviePlayer_HUD Transient.KFGFxMoviePlayer_HUD_0
	Function KFGame.KFGFxMoviePlayer_HUD:ShowKillMessage:03F6
[0111.90] ScriptWarning: Accessed None 'DataObject'
	KFGFxMoviePlayer_HUD Transient.KFGFxMoviePlayer_HUD_0
	Function KFGame.KFGFxMoviePlayer_HUD:ShowKillMessage:0430
[0111.90] ScriptWarning: Accessed None 'DataObject'
	KFGFxMoviePlayer_HUD Transient.KFGFxMoviePlayer_HUD_0
	Function KFGame.KFGFxMoviePlayer_HUD:ShowKillMessage:0465
[0111.90] ScriptWarning: Accessed None 'DataObject'
	KFGFxMoviePlayer_HUD Transient.KFGFxMoviePlayer_HUD_0
	Function KFGame.KFGFxMoviePlayer_HUD:ShowKillMessage:049A
[0111.90] ScriptWarning: Accessed None 'DataObject'
	KFGFxMoviePlayer_HUD Transient.KFGFxMoviePlayer_HUD_0
	Function KFGame.KFGFxMoviePlayer_HUD:ShowKillMessage:04D4
[0111.90] ScriptWarning: Accessed None 'DataObject'
	KFGFxMoviePlayer_HUD Transient.KFGFxMoviePlayer_HUD_0
	Function KFGame.KFGFxMoviePlayer_HUD:ShowKillMessage:0509
[0112.57] ScriptWarning: Accessed None 'DataObject'
	KFGFxMoviePlayer_HUD Transient.KFGFxMoviePlayer_HUD_0
	Function KFGame.KFGFxMoviePlayer_HUD:ShowKillMessage:038C
[0112.57] ScriptWarning: Accessed None 'DataObject'
	KFGFxMoviePlayer_HUD Transient.KFGFxMoviePlayer_HUD_0
	Function KFGame.KFGFxMoviePlayer_HUD:ShowKillMessage:03C1
[0112.57] ScriptWarning: Accessed None 'DataObject'
	KFGFxMoviePlayer_HUD Transient.KFGFxMoviePlayer_HUD_0
	Function KFGame.KFGFxMoviePlayer_HUD:ShowKillMessage:03F6
[0112.57] ScriptWarning: Accessed None 'DataObject'
	KFGFxMoviePlayer_HUD Transient.KFGFxMoviePlayer_HUD_0
	Function KFGame.KFGFxMoviePlayer_HUD:ShowKillMessage:0430
[0112.57] ScriptWarning: Accessed None 'DataObject'
	KFGFxMoviePlayer_HUD Transient.KFGFxMoviePlayer_HUD_0
	Function KFGame.KFGFxMoviePlayer_HUD:ShowKillMessage:0465
[0112.57] ScriptWarning: Accessed None 'DataObject'
	KFGFxMoviePlayer_HUD Transient.KFGFxMoviePlayer_HUD_0
	Function KFGame.KFGFxMoviePlayer_HUD:ShowKillMessage:049A
[0112.57] ScriptWarning: Accessed None 'DataObject'
	KFGFxMoviePlayer_HUD Transient.KFGFxMoviePlayer_HUD_0
	Function KFGame.KFGFxMoviePlayer_HUD:ShowKillMessage:04D4
[0112.57] ScriptWarning: Accessed None 'DataObject'
	KFGFxMoviePlayer_HUD Transient.KFGFxMoviePlayer_HUD_0
	Function KFGame.KFGFxMoviePlayer_HUD:ShowKillMessage:0509
[0130.57] ScriptWarning: Accessed None 'HUD'
	KFGFxMoviePlayer_Manager KF-Outpost.TheWorld:PersistentLevel.KFPlayerController_0.KFGFxMoviePlayer_Manager_0
	Function KFGame.KFGFxMoviePlayer_Manager:ToggleMenus:0097
[0130.57] ScriptLog: (KFGFxMoviePlayer_Manager_0) KFGfxMoviePlayer_Manager::None:ToggleMenus bMenusOpen:'G' HUD.bShowHUD:'G' bCanCloseMenu:'' bPostGameState:'G' CurrentMenuIndex:'1'
[0130.57] ScriptLog: (KFGFxMoviePlayer_Manager_0) KFGfxMoviePlayer_Manager::None:ToggleMenus
[0132.59] ScriptLog: (KFGFxMoviePlayer_Manager_0) KFGfxMoviePlayer_Manager::None:UnloadCurrentPopup CurrentPopup:'None'
[0133.13] Log: Closing by request
[0133.13] Log: appRequestExit(0)
[0133.13] ScriptLog: (KFGFxMoviePlayer_Manager_0) KFGfxMoviePlayer_Manager::None:UnloadCurrentPopup CurrentPopup:'KFGFxPopup_Confirmation_0'
[0133.15] ScriptLog: (KFGFxMoviePlayer_Manager_0) KFGfxMoviePlayer_Manager::None:CloseMenus PartyWidget:'KFGFxWidget_PartyInGame_0' bAfterLobby:'' bForceClose:'G'
[0133.15] ScriptLog: (KFGFxMoviePlayer_Manager_0) KFGfxMoviePlayer_Manager::None:UnloadCurrentPopup CurrentPopup:'None'
[0133.15] ScriptLog: (KFGFxMoviePlayer_Manager_0) KFGfxMoviePlayer_Manager::None:CloseMenus CurrentMenu:'KFGFxMenu_Exit_0'
[0133.15] ScriptLog: JOPILA - CanUnpauseMenuClosed G
[0133.15] ScriptWarning: Accessed None 'CurrentBackgroundMovie'
	KFGFxMoviePlayer_Manager KF-Outpost.TheWorld:PersistentLevel.KFPlayerController_0.KFGFxMoviePlayer_Manager_0
	Function KFGame.KFGFxMoviePlayer_Manager:OnClose:0019
[0133.15] ScriptWarning: Accessed None 'CurrentBackgroundMovie'
	KFGFxMoviePlayer_Manager KF-Outpost.TheWorld:PersistentLevel.KFPlayerController_0.KFGFxMoviePlayer_Manager_0
	Function KFGame.KFGFxMoviePlayer_Manager:OnClose:0039
[0133.63] Exit: Preparing to exit.
[0134.67] Exit: Game engine shut down
[0134.70] Log: [ThreadAffinity] Number of hardware threads is 4. Setting thread affinity for game and render threads to share L2 cache
[0134.74] Exit: Windows client shut down
[0134.74] Exit: XAudio2 Device shut down.
[0134.76] Exit: AK Audio shut down.
[0137.04] Exit: Object subsystem successfully closed.
[0138.39] Exit: Exiting.
[0138.40] Log: Log file closed, 08/08/17 14:16:49
